=== puma startup: 2019-11-27 05:19:55 +0000 ===
/var/lib/gems/2.5.0/gems/puma-3.12.1/lib/puma/binder.rb:371:in `initialize': Operation not permitted - connect(2) for /vagrant/Mate/tmp/sockets/puma.sock (Errno::EPERM)
	from /var/lib/gems/2.5.0/gems/puma-3.12.1/lib/puma/binder.rb:371:in `new'
	from /var/lib/gems/2.5.0/gems/puma-3.12.1/lib/puma/binder.rb:371:in `add_unix_listener'
	from /var/lib/gems/2.5.0/gems/puma-3.12.1/lib/puma/binder.rb:141:in `block in parse'
	from /var/lib/gems/2.5.0/gems/puma-3.12.1/lib/puma/binder.rb:90:in `each'
	from /var/lib/gems/2.5.0/gems/puma-3.12.1/lib/puma/binder.rb:90:in `parse'
	from /var/lib/gems/2.5.0/gems/puma-3.12.1/lib/puma/runner.rb:153:in `load_and_bind'
	from /var/lib/gems/2.5.0/gems/puma-3.12.1/lib/puma/single.rb:98:in `run'
	from /var/lib/gems/2.5.0/gems/puma-3.12.1/lib/puma/launcher.rb:186:in `run'
	from /var/lib/gems/2.5.0/gems/puma-3.12.1/lib/rack/handler/puma.rb:73:in `run'
	from /var/lib/gems/2.5.0/gems/rack-2.0.7/lib/rack/server.rb:297:in `start'
	from /var/lib/gems/2.5.0/gems/railties-5.2.3/lib/rails/commands/server/server_command.rb:53:in `start'
	from /var/lib/gems/2.5.0/gems/railties-5.2.3/lib/rails/commands/server/server_command.rb:147:in `block in perform'
	from /var/lib/gems/2.5.0/gems/railties-5.2.3/lib/rails/commands/server/server_command.rb:142:in `tap'
	from /var/lib/gems/2.5.0/gems/railties-5.2.3/lib/rails/commands/server/server_command.rb:142:in `perform'
	from /var/lib/gems/2.5.0/gems/thor-0.20.3/lib/thor/command.rb:27:in `run'
	from /var/lib/gems/2.5.0/gems/thor-0.20.3/lib/thor/invocation.rb:126:in `invoke_command'
	from /var/lib/gems/2.5.0/gems/thor-0.20.3/lib/thor.rb:387:in `dispatch'
	from /var/lib/gems/2.5.0/gems/railties-5.2.3/lib/rails/command/base.rb:65:in `perform'
	from /var/lib/gems/2.5.0/gems/railties-5.2.3/lib/rails/command.rb:46:in `invoke'
	from /var/lib/gems/2.5.0/gems/railties-5.2.3/lib/rails/commands.rb:18:in `<top (required)>'
	from /var/lib/gems/2.5.0/gems/bootsnap-1.4.5/lib/bootsnap/load_path_cache/core_ext/kernel_require.rb:22:in `require'
	from /var/lib/gems/2.5.0/gems/bootsnap-1.4.5/lib/bootsnap/load_path_cache/core_ext/kernel_require.rb:22:in `block in require_with_bootsnap_lfi'
	from /var/lib/gems/2.5.0/gems/bootsnap-1.4.5/lib/bootsnap/load_path_cache/loaded_features_index.rb:92:in `register'
	from /var/lib/gems/2.5.0/gems/bootsnap-1.4.5/lib/bootsnap/load_path_cache/core_ext/kernel_require.rb:21:in `require_with_bootsnap_lfi'
	from /var/lib/gems/2.5.0/gems/bootsnap-1.4.5/lib/bootsnap/load_path_cache/core_ext/kernel_require.rb:30:in `require'
	from /var/lib/gems/2.5.0/gems/activesupport-5.2.3/lib/active_support/dependencies.rb:291:in `block in require'
	from /var/lib/gems/2.5.0/gems/activesupport-5.2.3/lib/active_support/dependencies.rb:257:in `load_dependency'
	from /var/lib/gems/2.5.0/gems/activesupport-5.2.3/lib/active_support/dependencies.rb:291:in `require'
	from /vagrant/Mate/bin/rails:9:in `<top (required)>'
	from /var/lib/gems/2.5.0/gems/spring-2.1.0/lib/spring/client/rails.rb:28:in `load'
	from /var/lib/gems/2.5.0/gems/spring-2.1.0/lib/spring/client/rails.rb:28:in `call'
	from /var/lib/gems/2.5.0/gems/spring-2.1.0/lib/spring/client/command.rb:7:in `call'
	from /var/lib/gems/2.5.0/gems/spring-2.1.0/lib/spring/client.rb:30:in `run'
	from /var/lib/gems/2.5.0/gems/spring-2.1.0/bin/spring:49:in `<top (required)>'
	from /var/lib/gems/2.5.0/gems/spring-2.1.0/lib/spring/binstub.rb:11:in `load'
	from /var/lib/gems/2.5.0/gems/spring-2.1.0/lib/spring/binstub.rb:11:in `<top (required)>'
	from /usr/lib/ruby/2.5.0/rubygems/core_ext/kernel_require.rb:59:in `require'
	from /usr/lib/ruby/2.5.0/rubygems/core_ext/kernel_require.rb:59:in `require'
	from /vagrant/Mate/bin/spring:15:in `<top (required)>'
	from bin/rails:3:in `load'
	from bin/rails:3:in `<main>'
=== puma startup: 2019-11-27 05:25:50 +0000 ===
/var/lib/gems/2.5.0/gems/puma-3.12.1/lib/puma/binder.rb:371:in `initialize': Operation not permitted - connect(2) for /vagrant/Mate/tmp/sockets/puma.sock (Errno::EPERM)
	from /var/lib/gems/2.5.0/gems/puma-3.12.1/lib/puma/binder.rb:371:in `new'
	from /var/lib/gems/2.5.0/gems/puma-3.12.1/lib/puma/binder.rb:371:in `add_unix_listener'
	from /var/lib/gems/2.5.0/gems/puma-3.12.1/lib/puma/binder.rb:141:in `block in parse'
	from /var/lib/gems/2.5.0/gems/puma-3.12.1/lib/puma/binder.rb:90:in `each'
	from /var/lib/gems/2.5.0/gems/puma-3.12.1/lib/puma/binder.rb:90:in `parse'
	from /var/lib/gems/2.5.0/gems/puma-3.12.1/lib/puma/runner.rb:153:in `load_and_bind'
	from /var/lib/gems/2.5.0/gems/puma-3.12.1/lib/puma/single.rb:98:in `run'
	from /var/lib/gems/2.5.0/gems/puma-3.12.1/lib/puma/launcher.rb:186:in `run'
	from /var/lib/gems/2.5.0/gems/puma-3.12.1/lib/rack/handler/puma.rb:73:in `run'
	from /var/lib/gems/2.5.0/gems/rack-2.0.7/lib/rack/server.rb:297:in `start'
	from /var/lib/gems/2.5.0/gems/railties-5.2.3/lib/rails/commands/server/server_command.rb:53:in `start'
	from /var/lib/gems/2.5.0/gems/railties-5.2.3/lib/rails/commands/server/server_command.rb:147:in `block in perform'
	from /var/lib/gems/2.5.0/gems/railties-5.2.3/lib/rails/commands/server/server_command.rb:142:in `tap'
	from /var/lib/gems/2.5.0/gems/railties-5.2.3/lib/rails/commands/server/server_command.rb:142:in `perform'
	from /var/lib/gems/2.5.0/gems/thor-0.20.3/lib/thor/command.rb:27:in `run'
	from /var/lib/gems/2.5.0/gems/thor-0.20.3/lib/thor/invocation.rb:126:in `invoke_command'
	from /var/lib/gems/2.5.0/gems/thor-0.20.3/lib/thor.rb:387:in `dispatch'
	from /var/lib/gems/2.5.0/gems/railties-5.2.3/lib/rails/command/base.rb:65:in `perform'
	from /var/lib/gems/2.5.0/gems/railties-5.2.3/lib/rails/command.rb:46:in `invoke'
	from /var/lib/gems/2.5.0/gems/railties-5.2.3/lib/rails/commands.rb:18:in `<top (required)>'
	from /var/lib/gems/2.5.0/gems/bootsnap-1.4.5/lib/bootsnap/load_path_cache/core_ext/kernel_require.rb:22:in `require'
	from /var/lib/gems/2.5.0/gems/bootsnap-1.4.5/lib/bootsnap/load_path_cache/core_ext/kernel_require.rb:22:in `block in require_with_bootsnap_lfi'
	from /var/lib/gems/2.5.0/gems/bootsnap-1.4.5/lib/bootsnap/load_path_cache/loaded_features_index.rb:92:in `register'
	from /var/lib/gems/2.5.0/gems/bootsnap-1.4.5/lib/bootsnap/load_path_cache/core_ext/kernel_require.rb:21:in `require_with_bootsnap_lfi'
	from /var/lib/gems/2.5.0/gems/bootsnap-1.4.5/lib/bootsnap/load_path_cache/core_ext/kernel_require.rb:30:in `require'
	from /var/lib/gems/2.5.0/gems/activesupport-5.2.3/lib/active_support/dependencies.rb:291:in `block in require'
	from /var/lib/gems/2.5.0/gems/activesupport-5.2.3/lib/active_support/dependencies.rb:257:in `load_dependency'
	from /var/lib/gems/2.5.0/gems/activesupport-5.2.3/lib/active_support/dependencies.rb:291:in `require'
	from /vagrant/Mate/bin/rails:9:in `<top (required)>'
	from /var/lib/gems/2.5.0/gems/spring-2.1.0/lib/spring/client/rails.rb:28:in `load'
	from /var/lib/gems/2.5.0/gems/spring-2.1.0/lib/spring/client/rails.rb:28:in `call'
	from /var/lib/gems/2.5.0/gems/spring-2.1.0/lib/spring/client/command.rb:7:in `call'
	from /var/lib/gems/2.5.0/gems/spring-2.1.0/lib/spring/client.rb:30:in `run'
	from /var/lib/gems/2.5.0/gems/spring-2.1.0/bin/spring:49:in `<top (required)>'
	from /var/lib/gems/2.5.0/gems/spring-2.1.0/lib/spring/binstub.rb:11:in `load'
	from /var/lib/gems/2.5.0/gems/spring-2.1.0/lib/spring/binstub.rb:11:in `<top (required)>'
	from /usr/lib/ruby/2.5.0/rubygems/core_ext/kernel_require.rb:59:in `require'
	from /usr/lib/ruby/2.5.0/rubygems/core_ext/kernel_require.rb:59:in `require'
	from /vagrant/Mate/bin/spring:15:in `<top (required)>'
	from bin/rails:3:in `load'
	from bin/rails:3:in `<main>'
=== puma startup: 2019-11-27 05:27:49 +0000 ===
/var/lib/gems/2.5.0/gems/puma-3.12.1/lib/puma/binder.rb:371:in `initialize': Operation not permitted - connect(2) for /vagrant/Mate/tmp/sockets/puma.sock (Errno::EPERM)
	from /var/lib/gems/2.5.0/gems/puma-3.12.1/lib/puma/binder.rb:371:in `new'
	from /var/lib/gems/2.5.0/gems/puma-3.12.1/lib/puma/binder.rb:371:in `add_unix_listener'
	from /var/lib/gems/2.5.0/gems/puma-3.12.1/lib/puma/binder.rb:141:in `block in parse'
	from /var/lib/gems/2.5.0/gems/puma-3.12.1/lib/puma/binder.rb:90:in `each'
	from /var/lib/gems/2.5.0/gems/puma-3.12.1/lib/puma/binder.rb:90:in `parse'
	from /var/lib/gems/2.5.0/gems/puma-3.12.1/lib/puma/runner.rb:153:in `load_and_bind'
	from /var/lib/gems/2.5.0/gems/puma-3.12.1/lib/puma/single.rb:98:in `run'
	from /var/lib/gems/2.5.0/gems/puma-3.12.1/lib/puma/launcher.rb:186:in `run'
	from /var/lib/gems/2.5.0/gems/puma-3.12.1/lib/rack/handler/puma.rb:73:in `run'
	from /var/lib/gems/2.5.0/gems/rack-2.0.7/lib/rack/server.rb:297:in `start'
	from /var/lib/gems/2.5.0/gems/railties-5.2.3/lib/rails/commands/server/server_command.rb:53:in `start'
	from /var/lib/gems/2.5.0/gems/railties-5.2.3/lib/rails/commands/server/server_command.rb:147:in `block in perform'
	from /var/lib/gems/2.5.0/gems/railties-5.2.3/lib/rails/commands/server/server_command.rb:142:in `tap'
	from /var/lib/gems/2.5.0/gems/railties-5.2.3/lib/rails/commands/server/server_command.rb:142:in `perform'
	from /var/lib/gems/2.5.0/gems/thor-0.20.3/lib/thor/command.rb:27:in `run'
	from /var/lib/gems/2.5.0/gems/thor-0.20.3/lib/thor/invocation.rb:126:in `invoke_command'
	from /var/lib/gems/2.5.0/gems/thor-0.20.3/lib/thor.rb:387:in `dispatch'
	from /var/lib/gems/2.5.0/gems/railties-5.2.3/lib/rails/command/base.rb:65:in `perform'
	from /var/lib/gems/2.5.0/gems/railties-5.2.3/lib/rails/command.rb:46:in `invoke'
	from /var/lib/gems/2.5.0/gems/railties-5.2.3/lib/rails/commands.rb:18:in `<top (required)>'
	from /var/lib/gems/2.5.0/gems/bootsnap-1.4.5/lib/bootsnap/load_path_cache/core_ext/kernel_require.rb:22:in `require'
	from /var/lib/gems/2.5.0/gems/bootsnap-1.4.5/lib/bootsnap/load_path_cache/core_ext/kernel_require.rb:22:in `block in require_with_bootsnap_lfi'
	from /var/lib/gems/2.5.0/gems/bootsnap-1.4.5/lib/bootsnap/load_path_cache/loaded_features_index.rb:92:in `register'
	from /var/lib/gems/2.5.0/gems/bootsnap-1.4.5/lib/bootsnap/load_path_cache/core_ext/kernel_require.rb:21:in `require_with_bootsnap_lfi'
	from /var/lib/gems/2.5.0/gems/bootsnap-1.4.5/lib/bootsnap/load_path_cache/core_ext/kernel_require.rb:30:in `require'
	from /var/lib/gems/2.5.0/gems/activesupport-5.2.3/lib/active_support/dependencies.rb:291:in `block in require'
	from /var/lib/gems/2.5.0/gems/activesupport-5.2.3/lib/active_support/dependencies.rb:257:in `load_dependency'
	from /var/lib/gems/2.5.0/gems/activesupport-5.2.3/lib/active_support/dependencies.rb:291:in `require'
	from /vagrant/Mate/bin/rails:9:in `<top (required)>'
	from /var/lib/gems/2.5.0/gems/spring-2.1.0/lib/spring/client/rails.rb:28:in `load'
	from /var/lib/gems/2.5.0/gems/spring-2.1.0/lib/spring/client/rails.rb:28:in `call'
	from /var/lib/gems/2.5.0/gems/spring-2.1.0/lib/spring/client/command.rb:7:in `call'
	from /var/lib/gems/2.5.0/gems/spring-2.1.0/lib/spring/client.rb:30:in `run'
	from /var/lib/gems/2.5.0/gems/spring-2.1.0/bin/spring:49:in `<top (required)>'
	from /var/lib/gems/2.5.0/gems/spring-2.1.0/lib/spring/binstub.rb:11:in `load'
	from /var/lib/gems/2.5.0/gems/spring-2.1.0/lib/spring/binstub.rb:11:in `<top (required)>'
	from /usr/lib/ruby/2.5.0/rubygems/core_ext/kernel_require.rb:59:in `require'
	from /usr/lib/ruby/2.5.0/rubygems/core_ext/kernel_require.rb:59:in `require'
	from /vagrant/Mate/bin/spring:15:in `<top (required)>'
	from bin/rails:3:in `load'
	from bin/rails:3:in `<main>'
